<?xml version="1.0" encoding="UTF-8"?>
<!-- Generated by org.testng.reporters.JUnitReportReporter -->
<testsuite skipped="0" hostname="MTLP-604" name="test.Projects" tests="1" failures="0" timestamp="2021-09-20T16:46:50 IST" time="33.464" errors="0">
  <testcase name="createproject_withoutdetails" time="33.464" classname="test.Projects"/>
  <system-out/>
</testsuite> <!-- test.Projects -->
