<?xml version="1.0" encoding="UTF-8"?>
<!-- Generated by org.testng.reporters.JUnitReportReporter -->
<testsuite skipped="0" hostname="MTLP-604" name="test.Forgot_password" tests="2" failures="0" timestamp="2021-09-22T11:57:07 IST" time="35.983" errors="0">
  <testcase name="verifyemptypwd" time="21.886" classname="test.Forgot_password"/>
  <system-out/>
  <testcase name="verifyinvalidemail" time="14.097" classname="test.Forgot_password"/>
  <system-out/>
</testsuite> <!-- test.Forgot_password -->
