<?xml version="1.0" encoding="UTF-8"?>
<!-- Generated by org.testng.reporters.JUnitReportReporter -->
<testsuite hostname="Sreekanth" failures="0" tests="1" name="client.props" time="0.022" errors="0" timestamp="2020-12-28T12:09:49 IST" skipped="0">
  <testcase classname="client.props" name="reading_Data_From_Properties" time="0.022"/>
</testsuite> <!-- client.props -->
