<?xml version="1.0" encoding="UTF-8"?>
<!-- Generated by org.testng.reporters.JUnitReportReporter -->
<testsuite skipped="0" hostname="MTLP-604" name="test.Signup" tests="2" failures="0" timestamp="2021-09-22T12:33:29 IST" time="42.980" errors="0">
  <testcase name="verifyemptyemail" time="19.668" classname="test.Signup"/>
  <system-out/>
  <testcase name="verifyinvalidemail" time="23.312" classname="test.Signup"/>
  <system-out/>
</testsuite> <!-- test.Signup -->
