<?xml version="1.0" encoding="UTF-8"?>
<!-- Generated by org.testng.reporters.JUnitReportReporter -->
<testsuite skipped="0" hostname="MTLP-604" name="dcap.InvoicePrebuilt" tests="1" failures="0" timestamp="2022-01-06T14:46:42 IST" time="47.522" errors="0">
  <testcase name="Create_prebuilt_model" time="47.522" classname="dcap.InvoicePrebuilt"/>
  <system-out/>
</testsuite> <!-- dcap.InvoicePrebuilt -->
