<?xml version="1.0" encoding="UTF-8"?>
<!-- Generated by org.testng.reporters.JUnitReportReporter -->
<testsuite skipped="0" hostname="MTLP-604" name="test.log" tests="1" failures="0" timestamp="2021-09-20T14:39:38 IST" time="28.057" errors="0">
  <testcase name="verifyinvalidlogin" time="28.057" classname="test.log"/>
  <system-out/>
</testsuite> <!-- test.log -->
