<?xml version="1.0" encoding="UTF-8"?>
<!-- Generated by org.testng.reporters.JUnitReportReporter -->
<testsuite skipped="0" hostname="MTLP-604" name="test.Camera" tests="2" failures="0" timestamp="2021-09-22T13:07:31 IST" time="64.321" errors="0">
  <testcase name="camera_config" time="38.019" classname="test.Camera"/>
  <system-out/>
  <testcase name="camera_search" time="26.302" classname="test.Camera"/>
  <system-out/>
</testsuite> <!-- test.Camera -->
