<?xml version="1.0" encoding="UTF-8"?>
<!-- Generated by org.testng.reporters.JUnitReportReporter -->
<testsuite hostname="MTLP-604" failures="0" tests="1" name="login" time="17.938" errors="0" timestamp="2021-01-27T11:35:43 IST" skipped="0">
  <testcase classname="login" name="login" time="17.938"/>
  <system-out/>
</testsuite> <!-- login -->
